<?xml version="1.0" encoding="UTF-8"?>
<testsuite xmlns:xsi="http://www.w3.org/2001/XMLSchema-instance" xsi:noNamespaceSchemaLocation="https://maven.apache.org/surefire/maven-surefire-plugin/xsd/surefire-test-report-3.0.xsd" version="3.0" name="org.openjfx.Tests" time="0.102" tests="60" errors="0" skipped="0" failures="0">
  <properties>
    <property name="java.specification.version" value="20"/>
    <property name="sun.cpu.isalist" value="amd64"/>
    <property name="sun.jnu.encoding" value="Cp1252"/>
    <property name="java.class.path" value="C:\Users\Nikki\CS-321-Proj\target\test-classes;C:\Users\Nikki\.m2\repository\org\openjfx\javafx-controls\21.0.1\javafx-controls-21.0.1.jar;C:\Users\Nikki\.m2\repository\org\openjfx\javafx-graphics\21.0.1\javafx-graphics-21.0.1.jar;C:\Users\Nikki\.m2\repository\org\openjfx\javafx-base\21.0.1\javafx-base-21.0.1.jar;C:\Users\Nikki\.m2\repository\org\junit\jupiter\junit-jupiter\5.9.1\junit-jupiter-5.9.1.jar;C:\Users\Nikki\.m2\repository\org\junit\jupiter\junit-jupiter-api\5.9.1\junit-jupiter-api-5.9.1.jar;C:\Users\Nikki\.m2\repository\org\opentest4j\opentest4j\1.2.0\opentest4j-1.2.0.jar;C:\Users\Nikki\.m2\repository\org\junit\platform\junit-platform-commons\1.9.1\junit-platform-commons-1.9.1.jar;C:\Users\Nikki\.m2\repository\org\junit\jupiter\junit-jupiter-params\5.9.1\junit-jupiter-params-5.9.1.jar;C:\Users\Nikki\.m2\repository\org\junit\jupiter\junit-jupiter-engine\5.9.1\junit-jupiter-engine-5.9.1.jar;C:\Users\Nikki\.m2\repository\org\junit\platform\junit-platform-engine\1.9.1\junit-platform-engine-1.9.1.jar;C:\Users\Nikki\.m2\repository\org\junit\platform\junit-platform-runner\1.9.1\junit-platform-runner-1.9.1.jar;C:\Users\Nikki\.m2\repository\junit\junit\4.13.2\junit-4.13.2.jar;C:\Users\Nikki\.m2\repository\org\hamcrest\hamcrest-core\1.3\hamcrest-core-1.3.jar;C:\Users\Nikki\.m2\repository\org\junit\platform\junit-platform-launcher\1.9.1\junit-platform-launcher-1.9.1.jar;C:\Users\Nikki\.m2\repository\org\junit\platform\junit-platform-suite-api\1.9.1\junit-platform-suite-api-1.9.1.jar;C:\Users\Nikki\.m2\repository\org\apiguardian\apiguardian-api\1.1.2\apiguardian-api-1.1.2.jar;C:\Users\Nikki\.m2\repository\org\junit\platform\junit-platform-suite-commons\1.9.1\junit-platform-suite-commons-1.9.1.jar;"/>
    <property name="java.vm.vendor" value="Oracle Corporation"/>
    <property name="sun.arch.data.model" value="64"/>
    <property name="user.variant" value=""/>
    <property name="java.vendor.url" value="https://java.oracle.com/"/>
    <property name="user.timezone" value="America/New_York"/>
    <property name="os.name" value="Windows 11"/>
    <property name="java.vm.specification.version" value="20"/>
    <property name="sun.java.launcher" value="SUN_STANDARD"/>
    <property name="user.country" value="US"/>
    <property name="sun.boot.library.path" value="C:\Program Files\Java\jdk-20\bin"/>
    <property name="sun.java.command" value="org.apache.maven.surefire.booter.ForkedBooter C:\Users\Nikki\AppData\Local\Temp\surefire976706000828463025 2023-12-01T12-19-01_697-jvmRun1 surefire-20231201121902050_1tmp surefire_0-20231201121902050_2tmp"/>
    <property name="jdk.debug" value="release"/>
    <property name="surefire.test.class.path" value="C:\Users\Nikki\CS-321-Proj\target\test-classes;C:\Users\Nikki\.m2\repository\org\openjfx\javafx-controls\21.0.1\javafx-controls-21.0.1.jar;C:\Users\Nikki\.m2\repository\org\openjfx\javafx-graphics\21.0.1\javafx-graphics-21.0.1.jar;C:\Users\Nikki\.m2\repository\org\openjfx\javafx-base\21.0.1\javafx-base-21.0.1.jar;C:\Users\Nikki\.m2\repository\org\junit\jupiter\junit-jupiter\5.9.1\junit-jupiter-5.9.1.jar;C:\Users\Nikki\.m2\repository\org\junit\jupiter\junit-jupiter-api\5.9.1\junit-jupiter-api-5.9.1.jar;C:\Users\Nikki\.m2\repository\org\opentest4j\opentest4j\1.2.0\opentest4j-1.2.0.jar;C:\Users\Nikki\.m2\repository\org\junit\platform\junit-platform-commons\1.9.1\junit-platform-commons-1.9.1.jar;C:\Users\Nikki\.m2\repository\org\junit\jupiter\junit-jupiter-params\5.9.1\junit-jupiter-params-5.9.1.jar;C:\Users\Nikki\.m2\repository\org\junit\jupiter\junit-jupiter-engine\5.9.1\junit-jupiter-engine-5.9.1.jar;C:\Users\Nikki\.m2\repository\org\junit\platform\junit-platform-engine\1.9.1\junit-platform-engine-1.9.1.jar;C:\Users\Nikki\.m2\repository\org\junit\platform\junit-platform-runner\1.9.1\junit-platform-runner-1.9.1.jar;C:\Users\Nikki\.m2\repository\junit\junit\4.13.2\junit-4.13.2.jar;C:\Users\Nikki\.m2\repository\org\hamcrest\hamcrest-core\1.3\hamcrest-core-1.3.jar;C:\Users\Nikki\.m2\repository\org\junit\platform\junit-platform-launcher\1.9.1\junit-platform-launcher-1.9.1.jar;C:\Users\Nikki\.m2\repository\org\junit\platform\junit-platform-suite-api\1.9.1\junit-platform-suite-api-1.9.1.jar;C:\Users\Nikki\.m2\repository\org\apiguardian\apiguardian-api\1.1.2\apiguardian-api-1.1.2.jar;C:\Users\Nikki\.m2\repository\org\junit\platform\junit-platform-suite-commons\1.9.1\junit-platform-suite-commons-1.9.1.jar;"/>
    <property name="sun.cpu.endian" value="little"/>
    <property name="user.home" value="C:\Users\Nikki"/>
    <property name="user.language" value="en"/>
    <property name="java.specification.vendor" value="Oracle Corporation"/>
    <property name="jdk.module.path" value="C:\Users\Nikki\CS-321-Proj\target\classes;C:\Users\Nikki\.m2\repository\org\openjfx\javafx-controls\21.0.1\javafx-controls-21.0.1-win.jar;C:\Users\Nikki\.m2\repository\org\openjfx\javafx-graphics\21.0.1\javafx-graphics-21.0.1-win.jar;C:\Users\Nikki\.m2\repository\org\openjfx\javafx-base\21.0.1\javafx-base-21.0.1-win.jar"/>
    <property name="java.version.date" value="2023-07-18"/>
    <property name="java.home" value="C:\Program Files\Java\jdk-20"/>
    <property name="file.separator" value="\"/>
    <property name="basedir" value="C:\Users\Nikki\CS-321-Proj"/>
    <property name="java.vm.compressedOopsMode" value="Zero based"/>
    <property name="line.separator" value="&#10;"/>
    <property name="java.vm.specification.vendor" value="Oracle Corporation"/>
    <property name="java.specification.name" value="Java Platform API Specification"/>
    <property name="surefire.real.class.path" value="C:\Users\Nikki\.m2\repository\org\apache\maven\surefire\surefire-api\3.1.2\surefire-api-3.1.2.jar;C:\Users\Nikki\.m2\repository\org\apache\maven\surefire\surefire-booter\3.1.2\surefire-booter-3.1.2.jar;C:\Users\Nikki\.m2\repository\org\apache\maven\surefire\surefire-extensions-spi\3.1.2\surefire-extensions-spi-3.1.2.jar;C:\Users\Nikki\.m2\repository\org\apache\maven\surefire\surefire-logger-api\3.1.2\surefire-logger-api-3.1.2.jar;C:\Users\Nikki\.m2\repository\org\apache\maven\surefire\surefire-shared-utils\3.1.2\surefire-shared-utils-3.1.2.jar;C:\Users\Nikki\CS-321-Proj\target\test-classes;C:\Users\Nikki\.m2\repository\org\openjfx\javafx-controls\21.0.1\javafx-controls-21.0.1.jar;C:\Users\Nikki\.m2\repository\org\openjfx\javafx-graphics\21.0.1\javafx-graphics-21.0.1.jar;C:\Users\Nikki\.m2\repository\org\openjfx\javafx-base\21.0.1\javafx-base-21.0.1.jar;C:\Users\Nikki\.m2\repository\org\junit\jupiter\junit-jupiter\5.9.1\junit-jupiter-5.9.1.jar;C:\Users\Nikki\.m2\repository\org\junit\jupiter\junit-jupiter-api\5.9.1\junit-jupiter-api-5.9.1.jar;C:\Users\Nikki\.m2\repository\org\opentest4j\opentest4j\1.2.0\opentest4j-1.2.0.jar;C:\Users\Nikki\.m2\repository\org\junit\platform\junit-platform-commons\1.9.1\junit-platform-commons-1.9.1.jar;C:\Users\Nikki\.m2\repository\org\junit\jupiter\junit-jupiter-params\5.9.1\junit-jupiter-params-5.9.1.jar;C:\Users\Nikki\.m2\repository\org\junit\jupiter\junit-jupiter-engine\5.9.1\junit-jupiter-engine-5.9.1.jar;C:\Users\Nikki\.m2\repository\org\junit\platform\junit-platform-engine\1.9.1\junit-platform-engine-1.9.1.jar;C:\Users\Nikki\.m2\repository\org\junit\platform\junit-platform-runner\1.9.1\junit-platform-runner-1.9.1.jar;C:\Users\Nikki\.m2\repository\junit\junit\4.13.2\junit-4.13.2.jar;C:\Users\Nikki\.m2\repository\org\hamcrest\hamcrest-core\1.3\hamcrest-core-1.3.jar;C:\Users\Nikki\.m2\repository\org\junit\platform\junit-platform-launcher\1.9.1\junit-platform-launcher-1.9.1.jar;C:\Users\Nikki\.m2\repository\org\junit\platform\junit-platform-suite-api\1.9.1\junit-platform-suite-api-1.9.1.jar;C:\Users\Nikki\.m2\repository\org\apiguardian\apiguardian-api\1.1.2\apiguardian-api-1.1.2.jar;C:\Users\Nikki\.m2\repository\org\junit\platform\junit-platform-suite-commons\1.9.1\junit-platform-suite-commons-1.9.1.jar;C:\Users\Nikki\.m2\repository\org\apache\maven\surefire\surefire-junit-platform\3.0.0\surefire-junit-platform-3.0.0.jar;C:\Users\Nikki\.m2\repository\org\apache\maven\surefire\surefire-api\3.0.0\surefire-api-3.0.0.jar;C:\Users\Nikki\.m2\repository\org\apache\maven\surefire\surefire-logger-api\3.0.0\surefire-logger-api-3.0.0.jar;C:\Users\Nikki\.m2\repository\org\apache\maven\surefire\surefire-shared-utils\3.0.0\surefire-shared-utils-3.0.0.jar;C:\Users\Nikki\.m2\repository\org\apache\maven\surefire\common-java5\3.0.0\common-java5-3.0.0.jar"/>
    <property name="user.script" value=""/>
    <property name="sun.management.compiler" value="HotSpot 64-Bit Tiered Compilers"/>
    <property name="java.runtime.version" value="20.0.2+9-78"/>
    <property name="user.name" value="Nikki"/>
    <property name="stdout.encoding" value="Cp1252"/>
    <property name="path.separator" value=";"/>
    <property name="os.version" value="10.0"/>
    <property name="java.runtime.name" value="Java(TM) SE Runtime Environment"/>
    <property name="file.encoding" value="UTF-8"/>
    <property name="java.vm.name" value="Java HotSpot(TM) 64-Bit Server VM"/>
    <property name="localRepository" value="C:\Users\Nikki\.m2\repository"/>
    <property name="java.vendor.url.bug" value="https://bugreport.java.com/bugreport/"/>
    <property name="java.io.tmpdir" value="C:\Users\Nikki\AppData\Local\Temp\"/>
    <property name="java.version" value="20.0.2"/>
    <property name="user.dir" value="C:\Users\Nikki\CS-321-Proj"/>
    <property name="os.arch" value="amd64"/>
    <property name="java.vm.specification.name" value="Java Virtual Machine Specification"/>
    <property name="sun.os.patch.level" value=""/>
    <property name="native.encoding" value="Cp1252"/>
    <property name="java.library.path" value="C:\Program Files\Java\jdk-20\bin;C:\WINDOWS\Sun\Java\bin;C:\WINDOWS\system32;C:\WINDOWS;C:\Program Files\Common Files\Oracle\Java\javapath;C:\Program Files (x86)\Common Files\Oracle\Java\javapath;C:\WINDOWS\system32;C:\WINDOWS;C:\WINDOWS\System32\Wbem;C:\WINDOWS\System32\WindowsPowerShell\v1.0\;C:\WINDOWS\System32\OpenSSH\;C:\Program Files\Git\cmd;C:\Program Files\Java\jdk-20\bin;C:\Users\Nikki\AppData\Local\Microsoft\WindowsApps;C:\Users\Nikki\AppData\Local\Programs\Microsoft VS Code\bin;C:\Program Files\JetBrains\IntelliJ IDEA 2023.2.2\bin;;C:\Users\Nikki\apache-maven-3.9.5-bin\apache-maven-3.9.5\bin;;."/>
    <property name="java.vm.info" value="mixed mode"/>
    <property name="stderr.encoding" value="Cp1252"/>
    <property name="java.vendor" value="Oracle Corporation"/>
    <property name="java.vm.version" value="20.0.2+9-78"/>
    <property name="sun.io.unicode.encoding" value="UnicodeLittle"/>
    <property name="java.class.version" value="64.0"/>
  </properties>
  <testcase name="saveFileBOTest1" classname="org.openjfx.Tests" time="0.023"/>
  <testcase name="saveFileBOTest2" classname="org.openjfx.Tests" time="0.0"/>
  <testcase name="saveFileBOTest3" classname="org.openjfx.Tests" time="0.0"/>
  <testcase name="addReviewWork" classname="org.openjfx.Tests" time="0.0"/>
  <testcase name="addApproverWork" classname="org.openjfx.Tests" time="0.0"/>
  <testcase name="newBOTest" classname="org.openjfx.Tests" time="0.0"/>
  <testcase name="nullWorkAdd" classname="org.openjfx.Tests" time="0.009"/>
  <testcase name="nullWorkRef" classname="org.openjfx.Tests" time="0.0"/>
  <testcase name="invalidDOB1" classname="org.openjfx.Tests" time="0.0"/>
  <testcase name="invalidDOB2" classname="org.openjfx.Tests" time="0.0"/>
  <testcase name="invalidDOB3" classname="org.openjfx.Tests" time="0.0"/>
  <testcase name="invalidDOB4" classname="org.openjfx.Tests" time="0.0"/>
  <testcase name="invalidDOB5" classname="org.openjfx.Tests" time="0.0"/>
  <testcase name="invalidDOB6" classname="org.openjfx.Tests" time="0.007"/>
  <testcase name="invalidDOB7" classname="org.openjfx.Tests" time="0.0"/>
  <testcase name="invalidDOB8" classname="org.openjfx.Tests" time="0.0"/>
  <testcase name="invalidDOB9" classname="org.openjfx.Tests" time="0.0"/>
  <testcase name="pullApproverWork" classname="org.openjfx.Tests" time="0.0"/>
  <testcase name="pullReviewWork" classname="org.openjfx.Tests" time="0.001"/>
  <testcase name="invalidMiddleName1" classname="org.openjfx.Tests" time="0.001"/>
  <testcase name="invalidMiddleName2" classname="org.openjfx.Tests" time="0.002"/>
  <testcase name="invalidMiddleName3" classname="org.openjfx.Tests" time="0.0"/>
  <testcase name="invalidMiddleName4" classname="org.openjfx.Tests" time="0.002"/>
  <testcase name="invalidMiddleName5" classname="org.openjfx.Tests" time="0.0"/>
  <testcase name="invalidMiddleName6" classname="org.openjfx.Tests" time="0.0"/>
  <testcase name="pullEmptyReview" classname="org.openjfx.Tests" time="0.0"/>
  <testcase name="getFileBOTest1" classname="org.openjfx.Tests" time="0.0"/>
  <testcase name="getFileBOTest2" classname="org.openjfx.Tests" time="0.0"/>
  <testcase name="getFileBOTest3" classname="org.openjfx.Tests" time="0.0"/>
  <testcase name="getFileBOTest4" classname="org.openjfx.Tests" time="0.0"/>
  <testcase name="getFileBOTest5" classname="org.openjfx.Tests" time="0.0"/>
  <testcase name="invalidDOB10" classname="org.openjfx.Tests" time="0.0"/>
  <testcase name="nullWorkEmployee" classname="org.openjfx.Tests" time="0.0"/>
  <testcase name="invalidRefNum1" classname="org.openjfx.Tests" time="0.0"/>
  <testcase name="invalidRefNum2" classname="org.openjfx.Tests" time="0.0"/>
  <testcase name="invalidRefNum3" classname="org.openjfx.Tests" time="0.002"/>
  <testcase name="isValidInputs" classname="org.openjfx.Tests" time="0.001"/>
  <testcase name="invalidAlienNum1" classname="org.openjfx.Tests" time="0.0"/>
  <testcase name="invalidAlienNum2" classname="org.openjfx.Tests" time="0.0"/>
  <testcase name="invalidAlienNum3" classname="org.openjfx.Tests" time="0.001"/>
  <testcase name="invalidAlienNum4" classname="org.openjfx.Tests" time="0.0"/>
  <testcase name="invalidAlienNum5" classname="org.openjfx.Tests" time="0.0"/>
  <testcase name="invalidAlienNum6" classname="org.openjfx.Tests" time="0.0"/>
  <testcase name="invalidWorkRef" classname="org.openjfx.Tests" time="0.0">
    <system-out><![CDATA[Error! Target invalid
]]></system-out>
  </testcase>
  <testcase name="invalidLastName1" classname="org.openjfx.Tests" time="0.0"/>
  <testcase name="invalidLastName2" classname="org.openjfx.Tests" time="0.0"/>
  <testcase name="invalidLastName3" classname="org.openjfx.Tests" time="0.0"/>
  <testcase name="invalidLastName4" classname="org.openjfx.Tests" time="0.0"/>
  <testcase name="invalidLastName5" classname="org.openjfx.Tests" time="0.0"/>
  <testcase name="invalidLastName6" classname="org.openjfx.Tests" time="0.0"/>
  <testcase name="pullEmptyApprover" classname="org.openjfx.Tests" time="0.002"/>
  <testcase name="invalidFirstName1" classname="org.openjfx.Tests" time="0.001"/>
  <testcase name="invalidFirstName2" classname="org.openjfx.Tests" time="0.0"/>
  <testcase name="invalidFirstName3" classname="org.openjfx.Tests" time="0.002"/>
  <testcase name="invalidFirstName4" classname="org.openjfx.Tests" time="0.0"/>
  <testcase name="invalidFirstName5" classname="org.openjfx.Tests" time="0.0"/>
  <testcase name="invalidFirstName6" classname="org.openjfx.Tests" time="0.0"/>
  <testcase name="invalidWorkEmployee" classname="org.openjfx.Tests" time="0.0">
    <system-out><![CDATA[Error! Target invalid
]]></system-out>
  </testcase>
  <testcase name="invalidAddress1" classname="org.openjfx.Tests" time="0.0"/>
  <testcase name="invalidAddress2" classname="org.openjfx.Tests" time="0.0"/>
</testsuite>